<?xml version="1.0" encoding="UTF-8"?>
<testng-results skipped="0" failed="0" total="1" passed="1">
  <reporter-output>
  </reporter-output>
  <suite name="softwaretestingmaterial" duration-ms="16866" started-at="2020-01-26T03:01:30Z" finished-at="2020-01-26T03:01:47Z">
    <groups>
    </groups>
    <test name="testngTest" duration-ms="16866" started-at="2020-01-26T03:01:30Z" finished-at="2020-01-26T03:01:47Z">
      <class name="tests.NewTest">
        <test-method status="PASS" signature="beforeClass()[pri:0, instance:tests.NewTest@457e2f02]" name="beforeClass" is-config="true" duration-ms="11886" started-at="2020-01-25T21:01:30Z" finished-at="2020-01-25T21:01:42Z">
          <reporter-output>
          </reporter-output>
        </test-method> <!-- beforeClass -->
        <test-method status="PASS" signature="openMyBlog()[pri:0, instance:tests.NewTest@457e2f02]" name="openMyBlog" duration-ms="2927" started-at="2020-01-25T21:01:42Z" finished-at="2020-01-25T21:01:45Z">
          <reporter-output>
          </reporter-output>
        </test-method> <!-- openMyBlog -->
        <test-method status="PASS" signature="afterClass()[pri:0, instance:tests.NewTest@457e2f02]" name="afterClass" is-config="true" duration-ms="2026" started-at="2020-01-25T21:01:45Z" finished-at="2020-01-25T21:01:47Z">
          <reporter-output>
          </reporter-output>
        </test-method> <!-- afterClass -->
      </class> <!-- tests.NewTest -->
    </test> <!-- testngTest -->
  </suite> <!-- softwaretestingmaterial -->
</testng-results>
